TN:
SF:env\config.ts
FNF:0
FNH:0
DA:1,1
DA:2,1
DA:3,1
DA:4,1
DA:5,1
DA:6,1
DA:7,1
DA:8,1
DA:9,1
DA:10,1
DA:11,1
DA:12,1
DA:13,1
DA:14,1
DA:15,1
DA:16,1
DA:17,1
DA:18,1
DA:19,1
DA:20,1
DA:21,4
DA:22,4
DA:23,4
DA:24,4
LF:24
LH:24
BRDA:21,0,0,4
BRF:1
BRH:1
end_of_record
TN:
SF:env\helpers\generateCreditCart.ts
FN:1,generateCreditCardNumber
FNF:1
FNH:0
FNDA:0,generateCreditCardNumber
DA:1,0
DA:2,0
DA:3,0
DA:4,0
DA:5,0
DA:6,0
DA:7,0
DA:8,0
DA:9,0
DA:10,0
DA:11,0
DA:12,0
DA:13,0
DA:14,0
DA:15,0
DA:16,0
DA:17,0
DA:18,0
DA:19,0
DA:20,0
DA:21,0
DA:22,0
DA:23,0
DA:24,0
DA:25,0
DA:26,0
LF:26
LH:0
BRF:0
BRH:0
end_of_record
TN:
SF:env\helpers\randomNumber.ts
FN:1,getRandomInt
FNF:1
FNH:0
FNDA:0,getRandomInt
DA:1,0
DA:2,0
DA:3,0
DA:4,0
DA:5,0
LF:5
LH:0
BRF:0
BRH:0
end_of_record
TN:
SF:src\core\services\AccountService.ts
FN:7,<instance_members_initializer>
FN:10,AccountService
FN:14,addBalance
FN:19,removeBalance
FN:24,createAccount
FN:28,checkExistence
FNF:6
FNH:6
FNDA:18,<instance_members_initializer>
FNDA:18,AccountService
FNDA:3,addBalance
FNDA:3,removeBalance
FNDA:5,createAccount
FNDA:5,checkExistence
DA:1,1
DA:2,1
DA:3,1
DA:4,1
DA:5,1
DA:6,1
DA:7,18
DA:8,18
DA:9,18
DA:10,18
DA:11,18
DA:12,18
DA:13,18
DA:14,18
DA:15,3
DA:16,3
DA:17,3
DA:18,18
DA:19,18
DA:20,3
DA:21,3
DA:22,3
DA:23,18
DA:24,18
DA:25,5
DA:26,5
DA:27,18
DA:28,18
DA:29,5
DA:30,5
DA:31,18
DA:32,1
LF:32
LH:32
BRDA:7,0,0,18
BRDA:10,1,0,18
BRDA:14,2,0,3
BRDA:19,3,0,3
BRDA:24,4,0,5
BRDA:28,5,0,5
BRF:6
BRH:6
end_of_record
TN:
SF:src\core\services\CardService.ts
FN:7,<instance_members_initializer>
FN:10,CardService
FN:14,createCard
FN:18,deleteCard
FN:22,getByNumber
FN:26,checkExistence
FN:30,checkOwner
FN:35,checkExpire
FN:40,checkCorrectCardData
FNF:9
FNH:2
FNDA:1,<instance_members_initializer>
FNDA:1,CardService
FNDA:0,createCard
FNDA:0,deleteCard
FNDA:0,getByNumber
FNDA:0,checkExistence
FNDA:0,checkOwner
FNDA:0,checkExpire
FNDA:0,checkCorrectCardData
DA:1,1
DA:2,1
DA:3,1
DA:4,1
DA:5,1
DA:6,1
DA:7,1
DA:8,1
DA:9,1
DA:10,1
DA:11,1
DA:12,1
DA:13,1
DA:14,1
DA:15,0
DA:16,0
DA:17,1
DA:18,1
DA:19,0
DA:20,0
DA:21,1
DA:22,1
DA:23,0
DA:24,0
DA:25,1
DA:26,1
DA:27,0
DA:28,0
DA:29,1
DA:30,1
DA:31,0
DA:32,0
DA:33,0
DA:34,1
DA:35,1
DA:36,0
DA:37,0
DA:38,0
DA:39,1
DA:40,1
DA:41,0
DA:42,0
DA:43,0
DA:44,0
DA:45,0
DA:46,0
DA:47,0
DA:48,0
DA:49,1
DA:50,1
DA:51,1
LF:51
LH:29
BRDA:7,0,0,1
BRDA:10,1,0,1
BRF:2
BRH:2
end_of_record
TN:
SF:src\core\services\PaymentService.ts
FN:7,<instance_members_initializer>
FN:10,PaymentService
FN:14,create
FN:18,deletePayment
FN:22,getByID
FN:26,getAllPayments
FNF:6
FNH:6
FNDA:20,<instance_members_initializer>
FNDA:20,PaymentService
FNDA:3,create
FNDA:5,deletePayment
FNDA:5,getByID
FNDA:5,getAllPayments
DA:1,1
DA:2,1
DA:3,1
DA:4,1
DA:5,1
DA:6,1
DA:7,20
DA:8,20
DA:9,20
DA:10,20
DA:11,20
DA:12,20
DA:13,20
DA:14,20
DA:15,3
DA:16,3
DA:17,20
DA:18,20
DA:19,5
DA:20,5
DA:21,20
DA:22,20
DA:23,5
DA:24,5
DA:25,20
DA:26,20
DA:27,5
DA:28,5
DA:29,20
DA:30,1
LF:30
LH:30
BRDA:7,0,0,20
BRDA:10,1,0,20
BRDA:14,2,0,3
BRDA:18,3,0,5
BRDA:22,4,0,5
BRDA:26,5,0,5
BRF:6
BRH:6
end_of_record
TN:
SF:src\core\services\TransferService.ts
FN:6,<instance_members_initializer>
FN:11,TransferService
FN:17,transferOnCard
FN:24,transfer
FN:30,cancelTransfer
FNF:5
FNH:5
FNDA:11,<instance_members_initializer>
FNDA:11,TransferService
FNDA:3,transferOnCard
FNDA:7,transfer
FNDA:3,cancelTransfer
DA:1,1
DA:2,1
DA:3,1
DA:4,1
DA:5,1
DA:6,11
DA:7,11
DA:8,11
DA:9,11
DA:10,11
DA:11,11
DA:12,11
DA:13,11
DA:14,11
DA:15,11
DA:16,11
DA:17,11
DA:18,3
DA:19,3
DA:20,3
DA:21,3
DA:22,3
DA:23,11
DA:24,11
DA:25,7
DA:26,7
DA:27,7
DA:28,7
DA:29,11
DA:30,11
DA:31,3
DA:32,3
DA:33,3
DA:34,3
DA:35,3
DA:36,11
DA:37,1
LF:37
LH:37
BRDA:6,0,0,11
BRDA:11,1,0,11
BRDA:17,2,0,3
BRDA:24,3,0,7
BRDA:30,4,0,3
BRF:5
BRH:5
end_of_record
TN:
SF:src\core\services\UserService.ts
FN:7,<instance_members_initializer>
FN:10,UserService
FN:14,deleteUser
FN:18,getUser
FN:22,register
FN:26,checkPassword
FN:31,setName
FN:35,setPassword
FN:39,checkExistence
FN:43,checkExistenceByEmail
FNF:10
FNH:8
FNDA:29,<instance_members_initializer>
FNDA:29,UserService
FNDA:5,deleteUser
FNDA:3,getUser
FNDA:5,register
FNDA:0,checkPassword
FNDA:5,setName
FNDA:5,setPassword
FNDA:5,checkExistence
FNDA:0,checkExistenceByEmail
DA:1,1
DA:2,1
DA:3,1
DA:4,1
DA:5,1
DA:6,1
DA:7,29
DA:8,29
DA:9,29
DA:10,29
DA:11,29
DA:12,29
DA:13,29
DA:14,29
DA:15,5
DA:16,5
DA:17,29
DA:18,29
DA:19,3
DA:20,3
DA:21,29
DA:22,29
DA:23,5
DA:24,5
DA:25,29
DA:26,29
DA:27,0
DA:28,0
DA:29,0
DA:30,29
DA:31,29
DA:32,5
DA:33,5
DA:34,29
DA:35,29
DA:36,5
DA:37,5
DA:38,29
DA:39,29
DA:40,5
DA:41,5
DA:42,29
DA:43,29
DA:44,0
DA:45,0
DA:46,29
DA:47,1
DA:48,1
LF:48
LH:43
BRDA:7,0,0,29
BRDA:10,1,0,29
BRDA:14,2,0,5
BRDA:18,3,0,3
BRDA:22,4,0,5
BRDA:31,5,0,5
BRDA:35,6,0,5
BRDA:39,7,0,5
BRF:8
BRH:8
end_of_record
TN:
SF:src\infrastructure\db\PostgreSQL\PostgreSQL.ts
FN:4,<instance_members_initializer>
FN:7,PostgreSQL
FN:11,init
FN:15,initPg
FN:25,query
FNF:5
FNH:4
FNDA:8,<instance_members_initializer>
FNDA:8,PostgreSQL
FNDA:8,init
FNDA:8,initPg
FNDA:0,query
DA:1,1
DA:2,1
DA:3,1
DA:4,8
DA:5,8
DA:6,8
DA:7,8
DA:8,8
DA:9,8
DA:10,8
DA:11,8
DA:12,8
DA:13,8
DA:14,8
DA:15,8
DA:16,8
DA:17,8
DA:18,8
DA:19,8
DA:20,8
DA:21,8
DA:22,8
DA:23,8
DA:24,8
DA:25,8
DA:26,0
DA:27,0
DA:28,8
DA:29,1
LF:29
LH:27
BRDA:4,0,0,8
BRDA:7,1,0,8
BRDA:11,2,0,8
BRDA:15,3,0,8
BRF:4
BRH:4
end_of_record
TN:
SF:src\infrastructure\db\repository\ATMRepository.ts
FN:6,<instance_members_initializer>
FN:9,SQLATMRepository
FN:13,create
FN:22,delete
FN:29,getAll
FN:44,getByID
FN:65,update
FNF:7
FNH:2
FNDA:4,<instance_members_initializer>
FNDA:4,SQLATMRepository
FNDA:0,create
FNDA:0,delete
FNDA:0,getAll
FNDA:0,getByID
FNDA:0,update
DA:1,1
DA:2,1
DA:3,1
DA:4,1
DA:5,1
DA:6,4
DA:7,4
DA:8,4
DA:9,4
DA:10,4
DA:11,4
DA:12,4
DA:13,4
DA:14,0
DA:15,0
DA:16,0
DA:17,0
DA:18,0
DA:19,0
DA:20,0
DA:21,4
DA:22,4
DA:23,0
DA:24,0
DA:25,0
DA:26,0
DA:27,0
DA:28,4
DA:29,4
DA:30,0
DA:31,0
DA:32,0
DA:33,0
DA:34,0
DA:35,0
DA:36,0
DA:37,0
DA:38,0
DA:39,0
DA:40,0
DA:41,0
DA:42,0
DA:43,4
DA:44,4
DA:45,0
DA:46,0
DA:47,0
DA:48,0
DA:49,0
DA:50,0
DA:51,0
DA:52,0
DA:53,0
DA:54,0
DA:55,0
DA:56,0
DA:57,0
DA:58,0
DA:59,0
DA:60,0
DA:61,0
DA:62,0
DA:63,0
DA:64,4
DA:65,4
DA:66,0
DA:67,0
DA:68,0
DA:69,0
DA:70,0
DA:71,0
DA:72,0
DA:73,4
LF:73
LH:22
BRDA:6,0,0,4
BRDA:9,1,0,4
BRF:2
BRH:2
end_of_record
TN:
SF:src\infrastructure\db\repository\AccountRepository.ts
FN:6,<instance_members_initializer>
FN:9,SQLAccountRepository
FN:13,create
FN:22,delete
FN:26,deleteByPublicID
FN:30,getAll
FN:43,getByID
FN:62,getByPublicID
FN:81,update
FNF:9
FNH:2
FNDA:4,<instance_members_initializer>
FNDA:4,SQLAccountRepository
FNDA:0,create
FNDA:0,delete
FNDA:0,deleteByPublicID
FNDA:0,getAll
FNDA:0,getByID
FNDA:0,getByPublicID
FNDA:0,update
DA:1,1
DA:2,1
DA:3,1
DA:4,1
DA:5,1
DA:6,4
DA:7,4
DA:8,4
DA:9,4
DA:10,4
DA:11,4
DA:12,4
DA:13,4
DA:14,0
DA:15,0
DA:16,0
DA:17,0
DA:18,0
DA:19,0
DA:20,0
DA:21,4
DA:22,4
DA:23,0
DA:24,0
DA:25,4
DA:26,4
DA:27,0
DA:28,0
DA:29,4
DA:30,4
DA:31,0
DA:32,0
DA:33,0
DA:34,0
DA:35,0
DA:36,0
DA:37,0
DA:38,0
DA:39,0
DA:40,0
DA:41,0
DA:42,4
DA:43,4
DA:44,0
DA:45,0
DA:46,0
DA:47,0
DA:48,0
DA:49,0
DA:50,0
DA:51,0
DA:52,0
DA:53,0
DA:54,0
DA:55,0
DA:56,0
DA:57,0
DA:58,0
DA:59,0
DA:60,0
DA:61,4
DA:62,4
DA:63,0
DA:64,0
DA:65,0
DA:66,0
DA:67,0
DA:68,0
DA:69,0
DA:70,0
DA:71,0
DA:72,0
DA:73,0
DA:74,0
DA:75,0
DA:76,0
DA:77,0
DA:78,0
DA:79,0
DA:80,4
DA:81,4
DA:82,0
DA:83,0
DA:84,0
DA:85,0
DA:86,0
DA:87,0
DA:88,0
DA:89,4
LF:89
LH:26
BRDA:6,0,0,4
BRDA:9,1,0,4
BRF:2
BRH:2
end_of_record
TN:
SF:src\infrastructure\db\repository\CardRepository.ts
FN:8,<instance_members_initializer>
FN:11,SQLCardRepository
FN:15,create
FN:24,delete
FN:28,deleteByNumber
FN:32,getAll
FN:52,getByID
FN:79,getByNumber
FN:105,update
FNF:9
FNH:2
FNDA:4,<instance_members_initializer>
FNDA:4,SQLCardRepository
FNDA:0,create
FNDA:0,delete
FNDA:0,deleteByNumber
FNDA:0,getAll
FNDA:0,getByID
FNDA:0,getByNumber
FNDA:0,update
DA:1,1
DA:2,1
DA:3,1
DA:4,1
DA:5,1
DA:6,1
DA:7,1
DA:8,4
DA:9,4
DA:10,4
DA:11,4
DA:12,4
DA:13,4
DA:14,4
DA:15,4
DA:16,0
DA:17,0
DA:18,0
DA:19,0
DA:20,0
DA:21,0
DA:22,0
DA:23,4
DA:24,4
DA:25,0
DA:26,0
DA:27,4
DA:28,4
DA:29,0
DA:30,0
DA:31,4
DA:32,4
DA:33,0
DA:34,0
DA:35,0
DA:36,0
DA:37,0
DA:38,0
DA:39,0
DA:40,0
DA:41,0
DA:42,0
DA:43,0
DA:44,0
DA:45,0
DA:46,0
DA:47,0
DA:48,0
DA:49,0
DA:50,0
DA:51,4
DA:52,4
DA:53,0
DA:54,0
DA:55,0
DA:56,0
DA:57,0
DA:58,0
DA:59,0
DA:60,0
DA:61,0
DA:62,0
DA:63,0
DA:64,0
DA:65,0
DA:66,0
DA:67,0
DA:68,0
DA:69,0
DA:70,0
DA:71,0
DA:72,0
DA:73,0
DA:74,0
DA:75,0
DA:76,0
DA:77,4
DA:78,4
DA:79,4
DA:80,0
DA:81,0
DA:82,0
DA:83,0
DA:84,0
DA:85,0
DA:86,0
DA:87,0
DA:88,0
DA:89,0
DA:90,0
DA:91,0
DA:92,0
DA:93,0
DA:94,0
DA:95,0
DA:96,0
DA:97,0
DA:98,0
DA:99,0
DA:100,0
DA:101,0
DA:102,0
DA:103,0
DA:104,4
DA:105,4
DA:106,0
DA:107,0
DA:108,0
DA:109,0
DA:110,0
DA:111,0
DA:112,0
DA:113,0
DA:114,4
LF:114
LH:29
BRDA:8,0,0,4
BRDA:11,1,0,4
BRF:2
BRH:2
end_of_record
TN:
SF:src\infrastructure\db\repository\DebitRequestRepository.ts
FN:6,<instance_members_initializer>
FN:9,SQLDebitRequestRepository
FN:13,create
FN:22,delete
FN:26,getAll
FN:72,getByID
FNF:6
FNH:2
FNDA:4,<instance_members_initializer>
FNDA:4,SQLDebitRequestRepository
FNDA:0,create
FNDA:0,delete
FNDA:0,getAll
FNDA:0,getByID
DA:1,1
DA:2,1
DA:3,1
DA:4,1
DA:5,1
DA:6,4
DA:7,4
DA:8,4
DA:9,4
DA:10,4
DA:11,4
DA:12,4
DA:13,4
DA:14,0
DA:15,0
DA:16,0
DA:17,0
DA:18,0
DA:19,0
DA:20,0
DA:21,4
DA:22,4
DA:23,0
DA:24,0
DA:25,4
DA:26,4
DA:27,0
DA:28,0
DA:29,0
DA:30,0
DA:31,0
DA:32,0
DA:33,0
DA:34,0
DA:35,0
DA:36,0
DA:37,0
DA:38,0
DA:39,0
DA:40,0
DA:41,0
DA:42,0
DA:43,0
DA:44,0
DA:45,0
DA:46,0
DA:47,0
DA:48,0
DA:49,0
DA:50,0
DA:51,0
DA:52,0
DA:53,0
DA:54,0
DA:55,0
DA:56,0
DA:57,0
DA:58,0
DA:59,0
DA:60,0
DA:61,0
DA:62,0
DA:63,0
DA:64,0
DA:65,0
DA:66,0
DA:67,0
DA:68,0
DA:69,0
DA:70,0
DA:71,4
DA:72,4
DA:73,0
DA:74,0
DA:75,0
DA:76,0
DA:77,0
DA:78,0
DA:79,0
DA:80,0
DA:81,0
DA:82,0
DA:83,0
DA:84,0
DA:85,0
DA:86,0
DA:87,0
DA:88,0
DA:89,0
DA:90,0
DA:91,0
DA:92,0
DA:93,0
DA:94,0
DA:95,0
DA:96,0
DA:97,0
DA:98,0
DA:99,0
DA:100,0
DA:101,0
DA:102,0
DA:103,0
DA:104,0
DA:105,0
DA:106,0
DA:107,0
DA:108,0
DA:109,0
DA:110,0
DA:111,0
DA:112,0
DA:113,0
DA:114,0
DA:115,0
DA:116,0
DA:117,0
DA:118,0
DA:119,0
DA:120,0
DA:121,0
DA:122,0
DA:123,0
DA:124,4
LF:124
LH:20
BRDA:6,0,0,4
BRDA:9,1,0,4
BRF:2
BRH:2
end_of_record
TN:
SF:src\infrastructure\db\repository\PaymentRepository.ts
FN:6,<instance_members_initializer>
FN:9,SQLPaymentRepository
FN:13,create
FN:22,delete
FN:26,getAll
FN:51,getAllByID
FN:78,getByID
FNF:7
FNH:2
FNDA:4,<instance_members_initializer>
FNDA:4,SQLPaymentRepository
FNDA:0,create
FNDA:0,delete
FNDA:0,getAll
FNDA:0,getAllByID
FNDA:0,getByID
DA:1,1
DA:2,1
DA:3,1
DA:4,1
DA:5,1
DA:6,4
DA:7,4
DA:8,4
DA:9,4
DA:10,4
DA:11,4
DA:12,4
DA:13,4
DA:14,0
DA:15,0
DA:16,0
DA:17,0
DA:18,0
DA:19,0
DA:20,0
DA:21,4
DA:22,4
DA:23,0
DA:24,0
DA:25,4
DA:26,4
DA:27,0
DA:28,0
DA:29,0
DA:30,0
DA:31,0
DA:32,0
DA:33,0
DA:34,0
DA:35,0
DA:36,0
DA:37,0
DA:38,0
DA:39,0
DA:40,0
DA:41,0
DA:42,0
DA:43,0
DA:44,0
DA:45,0
DA:46,0
DA:47,0
DA:48,0
DA:49,0
DA:50,4
DA:51,4
DA:52,0
DA:53,0
DA:54,0
DA:55,0
DA:56,0
DA:57,0
DA:58,0
DA:59,0
DA:60,0
DA:61,0
DA:62,0
DA:63,0
DA:64,0
DA:65,0
DA:66,0
DA:67,0
DA:68,0
DA:69,0
DA:70,0
DA:71,0
DA:72,0
DA:73,0
DA:74,0
DA:75,0
DA:76,0
DA:77,4
DA:78,4
DA:79,0
DA:80,0
DA:81,0
DA:82,0
DA:83,0
DA:84,0
DA:85,0
DA:86,0
DA:87,0
DA:88,0
DA:89,0
DA:90,0
DA:91,0
DA:92,0
DA:93,0
DA:94,0
DA:95,0
DA:96,0
DA:97,0
DA:98,0
DA:99,0
DA:100,0
DA:101,0
DA:102,0
DA:103,0
DA:104,0
DA:105,0
DA:106,0
DA:107,0
DA:108,4
LF:108
LH:22
BRDA:6,0,0,4
BRDA:9,1,0,4
BRF:2
BRH:2
end_of_record
TN:
SF:src\infrastructure\db\repository\UserRepository.ts
FN:6,<instance_members_initializer>
FN:9,SQLUserRepository
FN:13,create
FN:22,delete
FN:26,getAll
FN:31,getByEmail
FN:41,getByID
FN:51,update
FNF:8
FNH:2
FNDA:4,<instance_members_initializer>
FNDA:4,SQLUserRepository
FNDA:0,create
FNDA:0,delete
FNDA:0,getAll
FNDA:0,getByEmail
FNDA:0,getByID
FNDA:0,update
DA:1,1
DA:2,1
DA:3,1
DA:4,1
DA:5,1
DA:6,4
DA:7,4
DA:8,4
DA:9,4
DA:10,4
DA:11,4
DA:12,4
DA:13,4
DA:14,0
DA:15,0
DA:16,0
DA:17,0
DA:18,0
DA:19,0
DA:20,0
DA:21,4
DA:22,4
DA:23,0
DA:24,0
DA:25,4
DA:26,4
DA:27,0
DA:28,0
DA:29,0
DA:30,4
DA:31,4
DA:32,0
DA:33,0
DA:34,0
DA:35,0
DA:36,0
DA:37,0
DA:38,0
DA:39,0
DA:40,4
DA:41,4
DA:42,0
DA:43,0
DA:44,0
DA:45,0
DA:46,0
DA:47,0
DA:48,0
DA:49,0
DA:50,4
DA:51,4
DA:52,0
DA:53,0
DA:54,0
DA:55,0
DA:56,0
DA:57,0
DA:58,0
DA:59,0
DA:60,0
DA:61,4
LF:61
LH:24
BRDA:6,0,0,4
BRDA:9,1,0,4
BRF:2
BRH:2
end_of_record
TN:
SF:src\infrastructure\services\AuthorizationService\JWTAuthorizationService.ts
FN:6,authenticateUser
FN:10,verifyAuthentication
FN:14,getData
FNF:3
FNH:0
FNDA:0,authenticateUser
FNDA:0,verifyAuthentication
FNDA:0,getData
DA:1,1
DA:2,1
DA:3,1
DA:4,1
DA:5,1
DA:6,1
DA:7,0
DA:8,1
DA:9,1
DA:10,1
DA:11,0
DA:12,1
DA:13,1
DA:14,1
DA:15,0
DA:16,1
DA:17,1
LF:17
LH:14
BRF:0
BRH:0
end_of_record
